Command line:
   pipeline_isim_beh.exe
     -simmode  gui
     -simrunnum  0
     -socket  53433

Tue Mar  3 17:54:09 2020


 Elaboration Time: 0.01 sec

 Current Memory Usage: 185.631 Meg

 Total Signals          : 184
 Total Nets             : 951
 Total Signal Drivers   : 54
 Total Blocks           : 26
 Total Primitive Blocks : 20
 Total Processes        : 84
 Total Traceable Variables  : 89
 Total Scalar Nets and Variables : 15203
Total Line Count : 247
Total Line Count : 247

 Total Simulation Time: 0.02 sec

 Current Memory Usage: 261.132 Meg

Tue Mar  3 17:58:22 2020

