Command line:
   I_DECODE_isim_beh.exe
     -simmode  gui
     -simrunnum  0
     -socket  49893

Tue Mar  3 16:07:01 2020


 Elaboration Time: 0.01 sec

 Current Memory Usage: 183.98 Meg

 Total Signals          : 51
 Total Nets             : 367
 Total Signal Drivers   : 22
 Total Blocks           : 6
 Total Primitive Blocks : 5
 Total Processes        : 31
 Total Traceable Variables  : 42
 Total Scalar Nets and Variables : 1785
Total Line Count : 100

 Total Simulation Time: 0.02 sec

 Current Memory Usage: 259.482 Meg

Tue Mar  3 16:07:17 2020

