Command line:
   data_memory_isim_beh.exe
     -simmode  gui
     -simrunnum  0
     -socket  47907

Tue Mar  3 16:27:32 2020


 Elaboration Time: 0.01 sec

 Current Memory Usage: 183.976 Meg

 Total Signals          : 17
 Total Nets             : 111
 Total Signal Drivers   : 6
 Total Blocks           : 2
 Total Primitive Blocks : 2
 Total Processes        : 9
 Total Traceable Variables  : 21
 Total Scalar Nets and Variables : 8447
Total Line Count : 34

 Total Simulation Time: 0.01 sec

 Current Memory Usage: 259.478 Meg

Tue Mar  3 16:27:34 2020

